<?xml version="1.0" encoding="UTF-8"?>
<!-- Generated by org.testng.reporters.JUnitReportReporter -->
<testsuite name="selebee.poc.SelebeeTest" tests="1" time="34.026" ignored="0" failures="0" timestamp="14 Mar 2017 15:16:18 GMT" skipped="0" hostname="WASIQB" errors="0">
  <testcase name="test1" time="34.026" classname="selebee.poc.SelebeeTest"/>
</testsuite> <!-- selebee.poc.SelebeeTest -->
